<?xml version="1.0" encoding="UTF-8"?>
<!-- Generated by org.testng.reporters.JUnitReportReporter -->
<testsuite hostname="LAPTOP-Q08K87KM" failures="0" tests="1" name="com.actitime.testscripts.CustomerModule" time="23.703" errors="0" timestamp="2021-07-15T14:50:49 IST" skipped="0">
  <testcase classname="com.actitime.testscripts.CustomerModule" name="testCreateCustomer" time="23.703"/>
  <system-out>
    <![CDATA[createcustomer
customer successfully created]]>
  </system-out>
</testsuite> <!-- com.actitime.testscripts.CustomerModule -->
